[0m14:59:19.115122 [debug] [MainThread]: Sending event: {'category': 'dbt', 'action': 'invocation', 'label': 'start', 'context': [<snowplow_tracker.self_describing_json.SelfDescribingJson object at 0x000001996AE17D40>, <snowplow_tracker.self_describing_json.SelfDescribingJson object at 0x000001996B808CB0>, <snowplow_tracker.self_describing_json.SelfDescribingJson object at 0x000001996B2D2CF0>]}


============================== 14:59:19.275057 | c871a801-bd93-4d96-ac46-374385ff20c7 ==============================
[0m14:59:19.275057 [info ] [MainThread]: Running with dbt=1.10.15
[0m14:59:19.275057 [debug] [MainThread]: running dbt with arguments {'printer_width': '80', 'use_colors': 'True', 'profiles_dir': 'C:\\Users\\isham\\.dbt', 'write_json': 'True', 'no_print': 'None', 'warn_error': 'None', 'indirect_selection': 'eager', 'fail_fast': 'False', 'partial_parse': 'True', 'send_anonymous_usage_stats': 'True', 'static_parser': 'True', 'warn_error_options': 'WarnErrorOptionsV2(error=[], warn=[], silence=[])', 'log_path': 'logs', 'version_check': 'True', 'use_experimental_parser': 'False', 'quiet': 'False', 'introspect': 'True', 'empty': 'None', 'log_cache_events': 'False', 'debug': 'False', 'log_format': 'default', 'invocation_command': 'dbt init', 'cache_selected_only': 'False', 'target_path': 'None'}
[0m14:59:49.972957 [debug] [MainThread]: Starter project path: C:\Users\isham\abcproject_dbt\.venv\Lib\site-packages\dbt\include\starter_project
[0m14:59:50.037321 [info ] [MainThread]: 
Your new dbt project "ansh_dbt_youtube" was created!

For more information on how to configure the profiles.yml file,
please consult the dbt documentation here:

  https://docs.getdbt.com/docs/configure-your-profile

One more thing:

Need help? Don't hesitate to reach out to us via GitHub issues or on Slack:

  https://community.getdbt.com/

Happy modeling!

[0m14:59:50.037321 [info ] [MainThread]: Setting up your profile.
[0m15:00:02.435766 [debug] [MainThread]: Spark adapter: Setting pyhive.hive logging to ERROR
[0m15:00:02.435766 [debug] [MainThread]: Spark adapter: Setting thrift.transport logging to ERROR
[0m15:00:02.435766 [debug] [MainThread]: Spark adapter: Setting thrift.protocol logging to ERROR
[0m15:02:49.457819 [info ] [MainThread]: Profile ansh_dbt_youtube written to C:\Users\isham\.dbt\profiles.yml using target's profile_template.yml and your supplied values. Run 'dbt debug' to validate the connection.
[0m15:02:49.471516 [debug] [MainThread]: Command `dbt init` succeeded at 15:02:49.471516 after 210.60 seconds
[0m15:02:49.473757 [debug] [MainThread]: Sending event: {'category': 'dbt', 'action': 'invocation', 'label': 'end', 'context': [<snowplow_tracker.self_describing_json.SelfDescribingJson object at 0x000001996BD962A0>, <snowplow_tracker.self_describing_json.SelfDescribingJson object at 0x000001990AE4B8C0>, <snowplow_tracker.self_describing_json.SelfDescribingJson object at 0x000001990A8B3A40>]}
[0m15:02:49.473757 [debug] [MainThread]: Flushing usage events
[0m15:02:50.352956 [debug] [MainThread]: An error was encountered while trying to flush usage events
[0m15:03:06.227713 [debug] [MainThread]: Sending event: {'category': 'dbt', 'action': 'invocation', 'label': 'start', 'context': [<snowplow_tracker.self_describing_json.SelfDescribingJson object at 0x0000029470547DA0>, <snowplow_tracker.self_describing_json.SelfDescribingJson object at 0x000002946D153C50>, <snowplow_tracker.self_describing_json.SelfDescribingJson object at 0x000002946E348590>]}


============================== 15:03:06.227713 | be6841dd-edf5-4a69-81cc-1568759818e2 ==============================
[0m15:03:06.227713 [info ] [MainThread]: Running with dbt=1.10.15
[0m15:03:06.227713 [debug] [MainThread]: running dbt with arguments {'write_json': 'True', 'cache_selected_only': 'False', 'no_print': 'None', 'log_format': 'default', 'invocation_command': 'dbt debug', 'warn_error': 'None', 'log_path': 'logs', 'fail_fast': 'False', 'indirect_selection': 'eager', 'send_anonymous_usage_stats': 'True', 'static_parser': 'True', 'warn_error_options': 'WarnErrorOptionsV2(error=[], warn=[], silence=[])', 'partial_parse': 'True', 'version_check': 'True', 'use_experimental_parser': 'False', 'quiet': 'False', 'introspect': 'True', 'empty': 'None', 'log_cache_events': 'False', 'debug': 'False', 'profiles_dir': 'C:\\Users\\isham\\.dbt', 'use_colors': 'True', 'printer_width': '80', 'target_path': 'None'}
[0m15:03:06.283505 [info ] [MainThread]: dbt version: 1.10.15
[0m15:03:06.283505 [info ] [MainThread]: python version: 3.12.9
[0m15:03:06.283505 [info ] [MainThread]: python path: C:\Users\isham\abcproject_dbt\.venv\Scripts\python.exe
[0m15:03:06.283505 [info ] [MainThread]: os info: Windows-11-10.0.26200-SP0
[0m15:03:07.200602 [debug] [MainThread]: Spark adapter: Setting pyhive.hive logging to ERROR
[0m15:03:07.200602 [debug] [MainThread]: Spark adapter: Setting thrift.transport logging to ERROR
[0m15:03:07.200602 [debug] [MainThread]: Spark adapter: Setting thrift.protocol logging to ERROR
[0m15:03:08.075460 [info ] [MainThread]: Using profiles dir at C:\Users\isham\.dbt
[0m15:03:08.075460 [info ] [MainThread]: Using profiles.yml file at C:\Users\isham\.dbt\profiles.yml
[0m15:03:08.075460 [info ] [MainThread]: Using dbt_project.yml file at C:\Users\isham\abcproject_dbt\dbt_project.yml
[0m15:03:08.075460 [error] [MainThread]: Encountered an error:
Internal Error
  Profile should not be None if loading profile completed
[0m15:03:08.084636 [debug] [MainThread]: Command `dbt debug` failed at 15:03:08.084636 after 2.08 seconds
[0m15:03:08.084636 [debug] [MainThread]: Sending event: {'category': 'dbt', 'action': 'invocation', 'label': 'end', 'context': [<snowplow_tracker.self_describing_json.SelfDescribingJson object at 0x000002947104FD10>, <snowplow_tracker.self_describing_json.SelfDescribingJson object at 0x00000294742A2ED0>, <snowplow_tracker.self_describing_json.SelfDescribingJson object at 0x00000294742A1580>]}
[0m15:03:08.084636 [debug] [MainThread]: Flushing usage events
[0m15:03:08.515581 [debug] [MainThread]: An error was encountered while trying to flush usage events
[0m16:20:29.921444 [debug] [MainThread]: Sending event: {'category': 'dbt', 'action': 'invocation', 'label': 'start', 'context': [<snowplow_tracker.self_describing_json.SelfDescribingJson object at 0x00000273664E7E90>, <snowplow_tracker.self_describing_json.SelfDescribingJson object at 0x0000027366ED8860>, <snowplow_tracker.self_describing_json.SelfDescribingJson object at 0x0000027366ED87A0>]}


============================== 16:20:29.934475 | 2a48be85-33b1-4114-8634-cd9cc16a856e ==============================
[0m16:20:29.934475 [info ] [MainThread]: Running with dbt=1.10.15
[0m16:20:29.934475 [debug] [MainThread]: running dbt with arguments {'invocation_command': 'dbt compile', 'no_print': 'None', 'profiles_dir': 'C:\\Users\\isham\\.dbt', 'printer_width': '80', 'target_path': 'None', 'warn_error': 'None', 'log_path': 'logs', 'fail_fast': 'False', 'partial_parse': 'True', 'send_anonymous_usage_stats': 'True', 'static_parser': 'True', 'warn_error_options': 'WarnErrorOptionsV2(error=[], warn=[], silence=[])', 'indirect_selection': 'eager', 'use_experimental_parser': 'False', 'version_check': 'True', 'introspect': 'True', 'quiet': 'False', 'empty': 'False', 'log_cache_events': 'False', 'debug': 'False', 'log_format': 'default', 'use_colors': 'True', 'cache_selected_only': 'False', 'write_json': 'True'}
[0m16:20:29.937408 [error] [MainThread]: Encountered an error:
Runtime Error
  No dbt_project.yml found at expected path C:\Users\isham\abcproject_dbt\dbt_project.yml
  Verify that each entry within packages.yml (and their transitive dependencies) contains a file named dbt_project.yml
  
[0m16:20:29.937408 [debug] [MainThread]: Command `dbt compile` failed at 16:20:29.937408 after 0.23 seconds
[0m16:20:29.937408 [debug] [MainThread]: Sending event: {'category': 'dbt', 'action': 'invocation', 'label': 'end', 'context': [<snowplow_tracker.self_describing_json.SelfDescribingJson object at 0x0000027367647B60>, <snowplow_tracker.self_describing_json.SelfDescribingJson object at 0x0000027364696A50>, <snowplow_tracker.self_describing_json.SelfDescribingJson object at 0x00000273675FDA60>]}
[0m16:20:29.937408 [debug] [MainThread]: Flushing usage events
[0m16:20:30.612513 [debug] [MainThread]: An error was encountered while trying to flush usage events
[0m16:22:25.289888 [debug] [MainThread]: Sending event: {'category': 'dbt', 'action': 'invocation', 'label': 'start', 'context': [<snowplow_tracker.self_describing_json.SelfDescribingJson object at 0x000001E12EE2B410>, <snowplow_tracker.self_describing_json.SelfDescribingJson object at 0x000001E12C2855B0>, <snowplow_tracker.self_describing_json.SelfDescribingJson object at 0x000001E12FD892E0>]}


============================== 16:22:25.311843 | c1ff36e9-cdea-42f2-90a2-7a74acc10fb2 ==============================
[0m16:22:25.311843 [info ] [MainThread]: Running with dbt=1.10.15
[0m16:22:25.311843 [debug] [MainThread]: running dbt with arguments {'log_format': 'default', 'write_json': 'True', 'invocation_command': 'dbt clean', 'printer_width': '80', 'profiles_dir': 'C:\\Users\\isham\\.dbt', 'warn_error': 'None', 'log_path': 'logs', 'partial_parse': 'True', 'static_parser': 'True', 'send_anonymous_usage_stats': 'True', 'fail_fast': 'False', 'warn_error_options': 'WarnErrorOptionsV2(error=[], warn=[], silence=[])', 'indirect_selection': 'eager', 'use_experimental_parser': 'False', 'version_check': 'True', 'quiet': 'False', 'introspect': 'True', 'empty': 'None', 'log_cache_events': 'False', 'debug': 'False', 'no_print': 'None', 'use_colors': 'True', 'cache_selected_only': 'False', 'target_path': 'None'}
[0m16:22:25.311843 [error] [MainThread]: Encountered an error:
Runtime Error
  No dbt_project.yml found at expected path C:\Users\isham\abcproject_dbt\dbt_project.yml
  Verify that each entry within packages.yml (and their transitive dependencies) contains a file named dbt_project.yml
  
[0m16:22:25.311843 [debug] [MainThread]: Command `dbt clean` failed at 16:22:25.311843 after 0.33 seconds
[0m16:22:25.311843 [debug] [MainThread]: Sending event: {'category': 'dbt', 'action': 'invocation', 'label': 'end', 'context': [<snowplow_tracker.self_describing_json.SelfDescribingJson object at 0x000001E12D033530>, <snowplow_tracker.self_describing_json.SelfDescribingJson object at 0x000001E130F141D0>, <snowplow_tracker.self_describing_json.SelfDescribingJson object at 0x000001E130F143E0>]}
[0m16:22:25.311843 [debug] [MainThread]: Flushing usage events
[0m16:22:26.783085 [debug] [MainThread]: An error was encountered while trying to flush usage events
[0m17:33:58.051746 [debug] [MainThread]: Sending event: {'category': 'dbt', 'action': 'invocation', 'label': 'start', 'context': [<snowplow_tracker.self_describing_json.SelfDescribingJson object at 0x0000024D48400FB0>, <snowplow_tracker.self_describing_json.SelfDescribingJson object at 0x0000024D44FE54F0>, <snowplow_tracker.self_describing_json.SelfDescribingJson object at 0x0000024D4863E090>]}


============================== 17:33:58.064471 | 953947f5-c06e-4203-89d2-d2ab3d531900 ==============================
[0m17:33:58.064471 [info ] [MainThread]: Running with dbt=1.10.15
[0m17:33:58.064471 [debug] [MainThread]: running dbt with arguments {'invocation_command': 'dbt build --target prod', 'cache_selected_only': 'False', 'profiles_dir': 'C:\\Users\\isham\\.dbt', 'no_print': 'None', 'write_json': 'True', 'warn_error': 'None', 'log_path': 'logs', 'partial_parse': 'True', 'fail_fast': 'False', 'send_anonymous_usage_stats': 'True', 'static_parser': 'True', 'warn_error_options': 'WarnErrorOptionsV2(error=[], warn=[], silence=[])', 'indirect_selection': 'eager', 'version_check': 'True', 'use_experimental_parser': 'False', 'introspect': 'True', 'quiet': 'False', 'empty': 'False', 'log_cache_events': 'False', 'debug': 'False', 'log_format': 'default', 'use_colors': 'True', 'printer_width': '80', 'target_path': 'None'}
[0m17:33:58.064471 [error] [MainThread]: Encountered an error:
Runtime Error
  No dbt_project.yml found at expected path C:\Users\isham\abcproject_dbt\dbt_project.yml
  Verify that each entry within packages.yml (and their transitive dependencies) contains a file named dbt_project.yml
  
[0m17:33:58.064471 [debug] [MainThread]: Command `dbt build` failed at 17:33:58.064471 after 0.25 seconds
[0m17:33:58.064471 [debug] [MainThread]: Sending event: {'category': 'dbt', 'action': 'invocation', 'label': 'end', 'context': [<snowplow_tracker.self_describing_json.SelfDescribingJson object at 0x0000024D48A326F0>, <snowplow_tracker.self_describing_json.SelfDescribingJson object at 0x0000024D48C97DD0>, <snowplow_tracker.self_describing_json.SelfDescribingJson object at 0x0000024D45DB12B0>]}
[0m17:33:58.064471 [debug] [MainThread]: Flushing usage events
[0m17:33:58.879733 [debug] [MainThread]: An error was encountered while trying to flush usage events
[0m17:39:09.241448 [debug] [MainThread]: Sending event: {'category': 'dbt', 'action': 'invocation', 'label': 'start', 'context': [<snowplow_tracker.self_describing_json.SelfDescribingJson object at 0x000001848E880050>, <snowplow_tracker.self_describing_json.SelfDescribingJson object at 0x000001848BD054F0>, <snowplow_tracker.self_describing_json.SelfDescribingJson object at 0x000001848B680A40>]}


============================== 17:39:09.241448 | e3f3e2f4-7d7c-4174-b8bc-00bc6d734c92 ==============================
[0m17:39:09.241448 [info ] [MainThread]: Running with dbt=1.10.15
[0m17:39:09.241448 [debug] [MainThread]: running dbt with arguments {'target_path': 'None', 'invocation_command': 'dbt build --target prod', 'log_format': 'default', 'printer_width': '80', 'no_print': 'None', 'warn_error': 'None', 'static_parser': 'True', 'partial_parse': 'True', 'indirect_selection': 'eager', 'send_anonymous_usage_stats': 'True', 'log_path': 'logs', 'warn_error_options': 'WarnErrorOptionsV2(error=[], warn=[], silence=[])', 'fail_fast': 'False', 'use_experimental_parser': 'False', 'version_check': 'True', 'introspect': 'True', 'quiet': 'False', 'empty': 'False', 'log_cache_events': 'False', 'debug': 'False', 'profiles_dir': 'C:\\Users\\isham\\.dbt', 'use_colors': 'True', 'cache_selected_only': 'False', 'write_json': 'True'}
[0m17:39:09.241448 [error] [MainThread]: Encountered an error:
Runtime Error
  No dbt_project.yml found at expected path C:\Users\isham\abcproject_dbt\dbt_project.yml
  Verify that each entry within packages.yml (and their transitive dependencies) contains a file named dbt_project.yml
  
[0m17:39:09.241448 [debug] [MainThread]: Command `dbt build` failed at 17:39:09.241448 after 0.18 seconds
[0m17:39:09.241448 [debug] [MainThread]: Sending event: {'category': 'dbt', 'action': 'invocation', 'label': 'end', 'context': [<snowplow_tracker.self_describing_json.SelfDescribingJson object at 0x000001848F7FEB10>, <snowplow_tracker.self_describing_json.SelfDescribingJson object at 0x000001848D225A00>, <snowplow_tracker.self_describing_json.SelfDescribingJson object at 0x000001848F74DDC0>]}
[0m17:39:09.241448 [debug] [MainThread]: Flushing usage events
[0m17:39:09.810277 [debug] [MainThread]: An error was encountered while trying to flush usage events
